<?xml version="1.0" encoding="UTF-8"?>
<!-- Generated by org.testng.reporters.JUnitReportReporter -->
<testsuite hostname="Chetan-1404" failures="0" tests="1" name="d.Source" time="0.032" errors="0" timestamp="2023-03-10T17:28:13 IST" skipped="0">
  <testcase classname="d.Source" name="main" time="0.032"/>
  <system-out/>
</testsuite> <!-- d.Source -->
