<?xml version="1.0" encoding="UTF-8"?>
<!-- Generated by org.testng.reporters.JUnitReportReporter -->
<testsuite hostname="Chetan-1404" failures="0" tests="15" name="test.RandomScripts" time="0.080" errors="0" timestamp="2023-03-09T13:47:26 IST" skipped="0">
  <testcase classname="test.RandomScripts" name="AlphabetwithSpecial" time="0.003"/>
  <system-out/>
  <testcase classname="test.RandomScripts" name="AlphabetwithBlank" time="0.006"/>
  <system-out/>
  <testcase classname="test.RandomScripts" name="NumberwithSpecial_Blank" time="0.002"/>
  <system-out/>
  <testcase classname="test.RandomScripts" name="Numbers" time="0.003"/>
  <system-out/>
  <testcase classname="test.RandomScripts" name="Blank" time="0.003"/>
  <system-out/>
  <testcase classname="test.RandomScripts" name="Number_special" time="0.002"/>
  <system-out/>
  <testcase classname="test.RandomScripts" name="SpecialChars" time="0.004"/>
  <system-out/>
  <testcase classname="test.RandomScripts" name="AlphabetwithNumber_Blank" time="0.005"/>
  <system-out/>
  <testcase classname="test.RandomScripts" name="Alpha_Numeric" time="0.022"/>
  <system-out/>
  <testcase classname="test.RandomScripts" name="AlphabetwithSpecial_Blank" time="0.005"/>
  <system-out/>
  <testcase classname="test.RandomScripts" name="AlphabetwithNumber_special" time="0.004"/>
  <system-out/>
  <testcase classname="test.RandomScripts" name="Alphabets" time="0.006"/>
  <system-out/>
  <testcase classname="test.RandomScripts" name="Special_Blank" time="0.004"/>
  <system-out/>
  <testcase classname="test.RandomScripts" name="Alpha_NumericwithSpecial_Blank" time="0.006"/>
  <system-out/>
  <testcase classname="test.RandomScripts" name="Numberwith_Blank" time="0.005"/>
  <system-out/>
</testsuite> <!-- test.RandomScripts -->
